SF:C:\Allison\Projetos\DeOlho\DeOlho.ETL.tse_jus_br\src\1-Domain\Importacao.cs
FN:14,System.DateTime DeOlho.ETL.tse_jus_br.Domain.Importacao::get_DataHoraImportacao()
FNDA:6,System.DateTime DeOlho.ETL.tse_jus_br.Domain.Importacao::get_DataHoraImportacao()
DA:15,6
FN:15,System.Nullable`1<System.DateTime> DeOlho.ETL.tse_jus_br.Domain.Importacao::get_DataHoraArquivo()
FNDA:5,System.Nullable`1<System.DateTime> DeOlho.ETL.tse_jus_br.Domain.Importacao::get_DataHoraArquivo()
DA:16,5
FN:16,System.String DeOlho.ETL.tse_jus_br.Domain.Importacao::get_UrlOrigem()
FNDA:5,System.String DeOlho.ETL.tse_jus_br.Domain.Importacao::get_UrlOrigem()
DA:17,5
FN:17,System.String DeOlho.ETL.tse_jus_br.Domain.Importacao::get_FileName()
FNDA:5,System.String DeOlho.ETL.tse_jus_br.Domain.Importacao::get_FileName()
DA:18,5
FN:20,System.Collections.Generic.IReadOnlyCollection`1<DeOlho.ETL.tse_jus_br.Domain.Politico> DeOlho.ETL.tse_jus_br.Domain.Importacao::get_Politicos()
FNDA:5,System.Collections.Generic.IReadOnlyCollection`1<DeOlho.ETL.tse_jus_br.Domain.Politico> DeOlho.ETL.tse_jus_br.Domain.Importacao::get_Politicos()
DA:21,5
FN:41,DeOlho.ETL.tse_jus_br.Domain.Politico DeOlho.ETL.tse_jus_br.Domain.Importacao::AddNewPolitico(System.Object)
FNDA:1,DeOlho.ETL.tse_jus_br.Domain.Politico DeOlho.ETL.tse_jus_br.Domain.Importacao::AddNewPolitico(System.Object)
DA:42,1
DA:43,1
DA:44,1
DA:45,1
DA:46,1
DA:47,1
BRDA:43,6,1,1
BRDA:43,6,0,1
BRDA:43,67,1,1
BRDA:43,67,0,1
FN:49,System.Boolean DeOlho.ETL.tse_jus_br.Domain.Importacao::AddIfHasChangePolitico(System.Object,DeOlho.ETL.tse_jus_br.Domain.Politico)
FNDA:2,System.Boolean DeOlho.ETL.tse_jus_br.Domain.Importacao::AddIfHasChangePolitico(System.Object,DeOlho.ETL.tse_jus_br.Domain.Politico)
DA:50,2
DA:51,2
DA:52,2
DA:53,2
DA:54,2
DA:55,2
DA:56,2
DA:57,1
DA:58,1
DA:59,1
DA:60,1
DA:61,1
DA:62,1
DA:63,2
DA:64,2
BRDA:51,6,1,1
BRDA:51,6,0,2
BRDA:51,67,1,1
BRDA:51,67,0,2
BRDA:56,224,0,1
BRDA:56,224,1,2
FN:19,System.Void DeOlho.ETL.tse_jus_br.Domain.Importacao::.ctor()
FNDA:4,System.Void DeOlho.ETL.tse_jus_br.Domain.Importacao::.ctor()
DA:20,4
DA:23,0
FN:24,System.Void DeOlho.ETL.tse_jus_br.Domain.Importacao::.ctor(System.DateTime,System.String,System.String)
FNDA:4,System.Void DeOlho.ETL.tse_jus_br.Domain.Importacao::.ctor(System.DateTime,System.String,System.String)
DA:25,4
DA:26,4
DA:27,4
DA:28,4
DA:29,4
DA:30,4
DA:32,8
DA:33,8
DA:34,12
DA:35,8
DA:37,4
DA:39,4
BRDA:32,66,0,1
BRDA:32,66,1,4
LF:40
LH:39
BRF:14
BRH:14
FNF:9
FNH:9
end_of_record
SF:C:\Allison\Projetos\DeOlho\DeOlho.ETL.tse_jus_br\src\1-Domain\Politico.cs
FN:20,DeOlho.ETL.tse_jus_br.Domain.Importacao DeOlho.ETL.tse_jus_br.Domain.Politico::get_Importacao()
FNDA:8,DeOlho.ETL.tse_jus_br.Domain.Importacao DeOlho.ETL.tse_jus_br.Domain.Politico::get_Importacao()
DA:21,8
FN:21,System.Int64 DeOlho.ETL.tse_jus_br.Domain.Politico::get_ImportacaoId()
FNDA:12,System.Int64 DeOlho.ETL.tse_jus_br.Domain.Politico::get_ImportacaoId()
DA:22,12
FN:23,System.Int32 DeOlho.ETL.tse_jus_br.Domain.Politico::get_ANO_ELEICAO()
FNDA:25,System.Int32 DeOlho.ETL.tse_jus_br.Domain.Politico::get_ANO_ELEICAO()
DA:24,25
FN:24,System.Int32 DeOlho.ETL.tse_jus_br.Domain.Politico::get_CD_TIPO_ELEICAO()
FNDA:23,System.Int32 DeOlho.ETL.tse_jus_br.Domain.Politico::get_CD_TIPO_ELEICAO()
DA:25,23
FN:25,System.String DeOlho.ETL.tse_jus_br.Domain.Politico::get_NM_TIPO_ELEICAO()
FNDA:23,System.String DeOlho.ETL.tse_jus_br.Domain.Politico::get_NM_TIPO_ELEICAO()
DA:26,23
FN:26,System.Int32 DeOlho.ETL.tse_jus_br.Domain.Politico::get_NR_TURNO()
FNDA:23,System.Int32 DeOlho.ETL.tse_jus_br.Domain.Politico::get_NR_TURNO()
DA:27,23
FN:27,System.Int32 DeOlho.ETL.tse_jus_br.Domain.Politico::get_CD_ELEICAO()
FNDA:23,System.Int32 DeOlho.ETL.tse_jus_br.Domain.Politico::get_CD_ELEICAO()
DA:28,23
FN:28,System.String DeOlho.ETL.tse_jus_br.Domain.Politico::get_DS_ELEICAO()
FNDA:23,System.String DeOlho.ETL.tse_jus_br.Domain.Politico::get_DS_ELEICAO()
DA:29,23
FN:29,System.DateTime DeOlho.ETL.tse_jus_br.Domain.Politico::get_DT_ELEICAO()
FNDA:27,System.DateTime DeOlho.ETL.tse_jus_br.Domain.Politico::get_DT_ELEICAO()
DA:30,27
FN:30,System.String DeOlho.ETL.tse_jus_br.Domain.Politico::get_TP_ABRANGENCIA()
FNDA:23,System.String DeOlho.ETL.tse_jus_br.Domain.Politico::get_TP_ABRANGENCIA()
DA:31,23
FN:31,System.String DeOlho.ETL.tse_jus_br.Domain.Politico::get_SG_UF()
FNDA:23,System.String DeOlho.ETL.tse_jus_br.Domain.Politico::get_SG_UF()
DA:32,23
FN:32,System.String DeOlho.ETL.tse_jus_br.Domain.Politico::get_SG_UE()
FNDA:23,System.String DeOlho.ETL.tse_jus_br.Domain.Politico::get_SG_UE()
DA:33,23
FN:33,System.String DeOlho.ETL.tse_jus_br.Domain.Politico::get_NM_UE()
FNDA:23,System.String DeOlho.ETL.tse_jus_br.Domain.Politico::get_NM_UE()
DA:34,23
FN:34,System.Int32 DeOlho.ETL.tse_jus_br.Domain.Politico::get_CD_CARGO()
FNDA:23,System.Int32 DeOlho.ETL.tse_jus_br.Domain.Politico::get_CD_CARGO()
DA:35,23
FN:35,System.String DeOlho.ETL.tse_jus_br.Domain.Politico::get_DS_CARGO()
FNDA:23,System.String DeOlho.ETL.tse_jus_br.Domain.Politico::get_DS_CARGO()
DA:36,23
FN:36,System.Int64 DeOlho.ETL.tse_jus_br.Domain.Politico::get_SQ_CANDIDATO()
FNDA:23,System.Int64 DeOlho.ETL.tse_jus_br.Domain.Politico::get_SQ_CANDIDATO()
DA:37,23
FN:37,System.Int32 DeOlho.ETL.tse_jus_br.Domain.Politico::get_NR_CANDIDATO()
FNDA:23,System.Int32 DeOlho.ETL.tse_jus_br.Domain.Politico::get_NR_CANDIDATO()
DA:38,23
FN:38,System.String DeOlho.ETL.tse_jus_br.Domain.Politico::get_NM_CANDIDATO()
FNDA:23,System.String DeOlho.ETL.tse_jus_br.Domain.Politico::get_NM_CANDIDATO()
DA:39,23
FN:39,System.String DeOlho.ETL.tse_jus_br.Domain.Politico::get_NM_URNA_CANDIDATO()
FNDA:23,System.String DeOlho.ETL.tse_jus_br.Domain.Politico::get_NM_URNA_CANDIDATO()
DA:40,23
FN:40,System.String DeOlho.ETL.tse_jus_br.Domain.Politico::get_NM_SOCIAL_CANDIDATO()
FNDA:23,System.String DeOlho.ETL.tse_jus_br.Domain.Politico::get_NM_SOCIAL_CANDIDATO()
DA:41,23
FN:41,System.Int64 DeOlho.ETL.tse_jus_br.Domain.Politico::get_NR_CPF_CANDIDATO()
FNDA:23,System.Int64 DeOlho.ETL.tse_jus_br.Domain.Politico::get_NR_CPF_CANDIDATO()
DA:42,23
FN:42,System.String DeOlho.ETL.tse_jus_br.Domain.Politico::get_NM_EMAIL()
FNDA:23,System.String DeOlho.ETL.tse_jus_br.Domain.Politico::get_NM_EMAIL()
DA:43,23
FN:43,System.Int32 DeOlho.ETL.tse_jus_br.Domain.Politico::get_CD_SITUACAO_CANDIDATURA()
FNDA:23,System.Int32 DeOlho.ETL.tse_jus_br.Domain.Politico::get_CD_SITUACAO_CANDIDATURA()
DA:44,23
FN:44,System.String DeOlho.ETL.tse_jus_br.Domain.Politico::get_DS_SITUACAO_CANDIDATURA()
FNDA:23,System.String DeOlho.ETL.tse_jus_br.Domain.Politico::get_DS_SITUACAO_CANDIDATURA()
DA:45,23
FN:45,System.Int32 DeOlho.ETL.tse_jus_br.Domain.Politico::get_CD_DETALHE_SITUACAO_CAND()
FNDA:23,System.Int32 DeOlho.ETL.tse_jus_br.Domain.Politico::get_CD_DETALHE_SITUACAO_CAND()
DA:46,23
FN:46,System.String DeOlho.ETL.tse_jus_br.Domain.Politico::get_DS_DETALHE_SITUACAO_CAND()
FNDA:23,System.String DeOlho.ETL.tse_jus_br.Domain.Politico::get_DS_DETALHE_SITUACAO_CAND()
DA:47,23
FN:47,System.String DeOlho.ETL.tse_jus_br.Domain.Politico::get_TP_AGREMIACAO()
FNDA:23,System.String DeOlho.ETL.tse_jus_br.Domain.Politico::get_TP_AGREMIACAO()
DA:48,23
FN:48,System.Int32 DeOlho.ETL.tse_jus_br.Domain.Politico::get_NR_PARTIDO()
FNDA:23,System.Int32 DeOlho.ETL.tse_jus_br.Domain.Politico::get_NR_PARTIDO()
DA:49,23
FN:49,System.String DeOlho.ETL.tse_jus_br.Domain.Politico::get_SG_PARTIDO()
FNDA:23,System.String DeOlho.ETL.tse_jus_br.Domain.Politico::get_SG_PARTIDO()
DA:50,23
FN:50,System.String DeOlho.ETL.tse_jus_br.Domain.Politico::get_NM_PARTIDO()
FNDA:23,System.String DeOlho.ETL.tse_jus_br.Domain.Politico::get_NM_PARTIDO()
DA:51,23
FN:51,System.Int64 DeOlho.ETL.tse_jus_br.Domain.Politico::get_SQ_COLIGACAO()
FNDA:23,System.Int64 DeOlho.ETL.tse_jus_br.Domain.Politico::get_SQ_COLIGACAO()
DA:52,23
FN:52,System.String DeOlho.ETL.tse_jus_br.Domain.Politico::get_NM_COLIGACAO()
FNDA:23,System.String DeOlho.ETL.tse_jus_br.Domain.Politico::get_NM_COLIGACAO()
DA:53,23
FN:53,System.String DeOlho.ETL.tse_jus_br.Domain.Politico::get_DS_COMPOSICAO_COLIGACAO()
FNDA:23,System.String DeOlho.ETL.tse_jus_br.Domain.Politico::get_DS_COMPOSICAO_COLIGACAO()
DA:54,23
FN:54,System.Int32 DeOlho.ETL.tse_jus_br.Domain.Politico::get_CD_NACIONALIDADE()
FNDA:23,System.Int32 DeOlho.ETL.tse_jus_br.Domain.Politico::get_CD_NACIONALIDADE()
DA:55,23
FN:55,System.String DeOlho.ETL.tse_jus_br.Domain.Politico::get_DS_NACIONALIDADE()
FNDA:23,System.String DeOlho.ETL.tse_jus_br.Domain.Politico::get_DS_NACIONALIDADE()
DA:56,23
FN:56,System.String DeOlho.ETL.tse_jus_br.Domain.Politico::get_SG_UF_NASCIMENTO()
FNDA:23,System.String DeOlho.ETL.tse_jus_br.Domain.Politico::get_SG_UF_NASCIMENTO()
DA:57,23
FN:57,System.Int32 DeOlho.ETL.tse_jus_br.Domain.Politico::get_CD_MUNICIPIO_NASCIMENTO()
FNDA:23,System.Int32 DeOlho.ETL.tse_jus_br.Domain.Politico::get_CD_MUNICIPIO_NASCIMENTO()
DA:58,23
FN:58,System.String DeOlho.ETL.tse_jus_br.Domain.Politico::get_NM_MUNICIPIO_NASCIMENTO()
FNDA:23,System.String DeOlho.ETL.tse_jus_br.Domain.Politico::get_NM_MUNICIPIO_NASCIMENTO()
DA:59,23
FN:59,System.DateTime DeOlho.ETL.tse_jus_br.Domain.Politico::get_DT_NASCIMENTO()
FNDA:27,System.DateTime DeOlho.ETL.tse_jus_br.Domain.Politico::get_DT_NASCIMENTO()
DA:60,27
FN:60,System.Int32 DeOlho.ETL.tse_jus_br.Domain.Politico::get_NR_IDADE_DATA_POSSE()
FNDA:23,System.Int32 DeOlho.ETL.tse_jus_br.Domain.Politico::get_NR_IDADE_DATA_POSSE()
DA:61,23
FN:61,System.Int64 DeOlho.ETL.tse_jus_br.Domain.Politico::get_NR_TITULO_ELEITORAL_CANDIDATO()
FNDA:23,System.Int64 DeOlho.ETL.tse_jus_br.Domain.Politico::get_NR_TITULO_ELEITORAL_CANDIDATO()
DA:62,23
FN:62,System.Int32 DeOlho.ETL.tse_jus_br.Domain.Politico::get_CD_GENERO()
FNDA:23,System.Int32 DeOlho.ETL.tse_jus_br.Domain.Politico::get_CD_GENERO()
DA:63,23
FN:63,System.String DeOlho.ETL.tse_jus_br.Domain.Politico::get_DS_GENERO()
FNDA:23,System.String DeOlho.ETL.tse_jus_br.Domain.Politico::get_DS_GENERO()
DA:64,23
FN:64,System.Int32 DeOlho.ETL.tse_jus_br.Domain.Politico::get_CD_GRAU_INSTRUCAO()
FNDA:23,System.Int32 DeOlho.ETL.tse_jus_br.Domain.Politico::get_CD_GRAU_INSTRUCAO()
DA:65,23
FN:65,System.String DeOlho.ETL.tse_jus_br.Domain.Politico::get_DS_GRAU_INSTRUCAO()
FNDA:23,System.String DeOlho.ETL.tse_jus_br.Domain.Politico::get_DS_GRAU_INSTRUCAO()
DA:66,23
FN:66,System.Int32 DeOlho.ETL.tse_jus_br.Domain.Politico::get_CD_ESTADO_CIVIL()
FNDA:23,System.Int32 DeOlho.ETL.tse_jus_br.Domain.Politico::get_CD_ESTADO_CIVIL()
DA:67,23
FN:67,System.String DeOlho.ETL.tse_jus_br.Domain.Politico::get_DS_ESTADO_CIVIL()
FNDA:23,System.String DeOlho.ETL.tse_jus_br.Domain.Politico::get_DS_ESTADO_CIVIL()
DA:68,23
FN:68,System.Int32 DeOlho.ETL.tse_jus_br.Domain.Politico::get_CD_COR_RACA()
FNDA:23,System.Int32 DeOlho.ETL.tse_jus_br.Domain.Politico::get_CD_COR_RACA()
DA:69,23
FN:69,System.String DeOlho.ETL.tse_jus_br.Domain.Politico::get_DS_COR_RACA()
FNDA:23,System.String DeOlho.ETL.tse_jus_br.Domain.Politico::get_DS_COR_RACA()
DA:70,23
FN:70,System.Int32 DeOlho.ETL.tse_jus_br.Domain.Politico::get_CD_OCUPACAO()
FNDA:23,System.Int32 DeOlho.ETL.tse_jus_br.Domain.Politico::get_CD_OCUPACAO()
DA:71,23
FN:71,System.String DeOlho.ETL.tse_jus_br.Domain.Politico::get_DS_OCUPACAO()
FNDA:23,System.String DeOlho.ETL.tse_jus_br.Domain.Politico::get_DS_OCUPACAO()
DA:72,23
FN:72,System.Int32 DeOlho.ETL.tse_jus_br.Domain.Politico::get_NR_DESPESA_MAX_CAMPANHA()
FNDA:23,System.Int32 DeOlho.ETL.tse_jus_br.Domain.Politico::get_NR_DESPESA_MAX_CAMPANHA()
DA:73,23
FN:73,System.Int32 DeOlho.ETL.tse_jus_br.Domain.Politico::get_CD_SIT_TOT_TURNO()
FNDA:23,System.Int32 DeOlho.ETL.tse_jus_br.Domain.Politico::get_CD_SIT_TOT_TURNO()
DA:74,23
FN:74,System.String DeOlho.ETL.tse_jus_br.Domain.Politico::get_DS_SIT_TOT_TURNO()
FNDA:23,System.String DeOlho.ETL.tse_jus_br.Domain.Politico::get_DS_SIT_TOT_TURNO()
DA:75,23
FN:75,System.String DeOlho.ETL.tse_jus_br.Domain.Politico::get_ST_REELEICAO()
FNDA:23,System.String DeOlho.ETL.tse_jus_br.Domain.Politico::get_ST_REELEICAO()
DA:76,23
FN:76,System.String DeOlho.ETL.tse_jus_br.Domain.Politico::get_ST_DECLARAR_BENS()
FNDA:23,System.String DeOlho.ETL.tse_jus_br.Domain.Politico::get_ST_DECLARAR_BENS()
DA:77,23
FN:77,System.Int32 DeOlho.ETL.tse_jus_br.Domain.Politico::get_NR_PROTOCOLO_CANDIDATURA()
FNDA:23,System.Int32 DeOlho.ETL.tse_jus_br.Domain.Politico::get_NR_PROTOCOLO_CANDIDATURA()
DA:78,23
FN:78,System.Int64 DeOlho.ETL.tse_jus_br.Domain.Politico::get_NR_PROCESSO()
FNDA:23,System.Int64 DeOlho.ETL.tse_jus_br.Domain.Politico::get_NR_PROCESSO()
DA:79,23
FN:81,System.Void DeOlho.ETL.tse_jus_br.Domain.Politico::SetImportacao(DeOlho.ETL.tse_jus_br.Domain.Importacao)
FNDA:1,System.Void DeOlho.ETL.tse_jus_br.Domain.Politico::SetImportacao(DeOlho.ETL.tse_jus_br.Domain.Importacao)
DA:82,1
DA:83,1
DA:84,1
DA:85,1
FN:8,System.Void DeOlho.ETL.tse_jus_br.Domain.Politico::.ctor()
FNDA:21,System.Void DeOlho.ETL.tse_jus_br.Domain.Politico::.ctor()
DA:9,21
LF:63
LH:63
BRF:0
BRH:0
FNF:60
FNH:60
end_of_record
SF:C:\Allison\Projetos\DeOlho\DeOlho.ETL.tse_jus_br\src\1-Domain\SeedWork\Entity.cs
FN:8,System.Int64 DeOlho.ETL.tse_jus_br.Domain.SeedWork.Entity::get_Id()
FNDA:21,System.Int64 DeOlho.ETL.tse_jus_br.Domain.SeedWork.Entity::get_Id()
DA:9,21
FN:10,System.Collections.Generic.IReadOnlyCollection`1<MediatR.INotification> DeOlho.ETL.tse_jus_br.Domain.SeedWork.Entity::GetDomainEvents()
FNDA:10,System.Collections.Generic.IReadOnlyCollection`1<MediatR.INotification> DeOlho.ETL.tse_jus_br.Domain.SeedWork.Entity::GetDomainEvents()
DA:11,10
BRDA:11,7,0,0
BRDA:11,7,1,10
FN:12,System.Void DeOlho.ETL.tse_jus_br.Domain.SeedWork.Entity::ClearDomainEvents()
FNDA:1,System.Void DeOlho.ETL.tse_jus_br.Domain.SeedWork.Entity::ClearDomainEvents()
DA:13,1
FN:15,System.Void DeOlho.ETL.tse_jus_br.Domain.SeedWork.Entity::AddDomainEvent(MediatR.INotification)
FNDA:3,System.Void DeOlho.ETL.tse_jus_br.Domain.SeedWork.Entity::AddDomainEvent(MediatR.INotification)
DA:16,3
DA:17,3
DA:18,3
FN:7,System.Void DeOlho.ETL.tse_jus_br.Domain.SeedWork.Entity::.ctor()
FNDA:36,System.Void DeOlho.ETL.tse_jus_br.Domain.SeedWork.Entity::.ctor()
DA:8,36
DA:10,12
LF:8
LH:8
BRF:2
BRH:1
FNF:5
FNH:5
end_of_record
SF:C:\Allison\Projetos\DeOlho\DeOlho.ETL.tse_jus_br\src\1-Domain\SeedWork\PropertyCompare.cs
FN:9,System.Boolean DeOlho.ETL.tse_jus_br.Domain.SeedWork.PropertyCompare::Equal(T,T,System.String[])
FNDA:2,System.Boolean DeOlho.ETL.tse_jus_br.Domain.SeedWork.PropertyCompare::Equal(T,T,System.String[])
DA:10,2
DA:11,2
DA:12,2
DA:13,2
DA:14,1
DA:15,1
DA:16,1
DA:17,2
DA:18,2
DA:19,2
BRDA:11,7,0,2
BRDA:13,35,0,1
BRDA:13,35,1,2
BRDA:11,7,1,2
FN:22,System.Collections.Generic.Dictionary`2<System.Type,System.Collections.Generic.List`1<System.String>> DeOlho.ETL.tse_jus_br.Domain.SeedWork.PropertyCompare/Cache::get_PropertyNamesToIgnore()
FNDA:6,System.Collections.Generic.Dictionary`2<System.Type,System.Collections.Generic.List`1<System.String>> DeOlho.ETL.tse_jus_br.Domain.SeedWork.PropertyCompare/Cache::get_PropertyNamesToIgnore()
DA:23,6
FN:28,System.Void DeOlho.ETL.tse_jus_br.Domain.SeedWork.PropertyCompare/Cache`1::.cctor()
FNDA:1,System.Void DeOlho.ETL.tse_jus_br.Domain.SeedWork.PropertyCompare/Cache`1::.cctor()
DA:29,1
DA:30,1
DA:31,1
DA:32,1
DA:33,1
DA:34,1
DA:35,60
DA:36,1
DA:37,0
DA:38,0
DA:40,1
DA:41,1
DA:43,1
DA:44,170
DA:45,56
DA:46,56
DA:47,56
DA:48,57
DA:49,1
DA:50,56
DA:51,55
DA:52,55
DA:53,56
DA:54,1
DA:55,1
DA:56,1
BRDA:31,42,0,1
BRDA:31,42,1,1
BRDA:36,125,0,0
BRDA:36,125,1,1
BRDA:44,282,1,56
BRDA:48,241,0,1
BRDA:48,241,1,55
BRDA:44,282,0,1
LF:37
LH:35
BRF:12
BRH:11
FNF:3
FNH:3
end_of_record
SF:C:\Allison\Projetos\DeOlho\DeOlho.ETL.tse_jus_br\src\1-Domain\Events\PoliticoChangedDomainEvent.cs
FN:7,DeOlho.ETL.tse_jus_br.Domain.Politico DeOlho.ETL.tse_jus_br.Domain.Events.PoliticoChangedDomainEvent::get_Politico()
FNDA:2,DeOlho.ETL.tse_jus_br.Domain.Politico DeOlho.ETL.tse_jus_br.Domain.Events.PoliticoChangedDomainEvent::get_Politico()
DA:8,2
FN:8,System.Void DeOlho.ETL.tse_jus_br.Domain.Events.PoliticoChangedDomainEvent::.ctor(DeOlho.ETL.tse_jus_br.Domain.Politico)
FNDA:1,System.Void DeOlho.ETL.tse_jus_br.Domain.Events.PoliticoChangedDomainEvent::.ctor(DeOlho.ETL.tse_jus_br.Domain.Politico)
DA:9,1
DA:10,1
DA:11,1
DA:12,1
LF:5
LH:5
BRF:0
BRH:0
FNF:2
FNH:2
end_of_record
SF:C:\Allison\Projetos\DeOlho\DeOlho.ETL.tse_jus_br\src\1-Domain\Events\PoliticoCreatedDomainEvent.cs
FN:7,DeOlho.ETL.tse_jus_br.Domain.Politico DeOlho.ETL.tse_jus_br.Domain.Events.PoliticoCreatedDomainEvent::get_Politico()
FNDA:2,DeOlho.ETL.tse_jus_br.Domain.Politico DeOlho.ETL.tse_jus_br.Domain.Events.PoliticoCreatedDomainEvent::get_Politico()
DA:8,2
FN:8,System.Void DeOlho.ETL.tse_jus_br.Domain.Events.PoliticoCreatedDomainEvent::.ctor(DeOlho.ETL.tse_jus_br.Domain.Politico)
FNDA:1,System.Void DeOlho.ETL.tse_jus_br.Domain.Events.PoliticoCreatedDomainEvent::.ctor(DeOlho.ETL.tse_jus_br.Domain.Politico)
DA:9,1
DA:10,1
DA:11,1
DA:12,1
LF:5
LH:5
BRF:0
BRH:0
FNF:2
FNH:2
end_of_record